


ARM Macro Assembler    Page 1 


    1 00000000         ; Print.s
    2 00000000         ; Student names: Ayan Basu & Adrian Jeyakumar
    3 00000000         ; Last modification date: 5/4/21
    4 00000000         ; Runs on TM4C123
    5 00000000         ; EE319K lab 7 device driver for any LCD
    6 00000000         ;
    7 00000000         ; As part of Lab 7, students need to implement these LCD
                       _OutDec and LCD_OutFix
    8 00000000         ; This driver assumes two low-level LCD functions
    9 00000000         ; SSD1306_OutChar   outputs a single 8-bit ASCII charact
                       er
   10 00000000         ; SSD1306_OutString outputs a null-terminated string 
   11 00000000         
   12 00000000                 IMPORT           SSD1306_OutChar
   13 00000000                 IMPORT           SSD1306_OutString
   14 00000000                 EXPORT           LCD_OutDec
   15 00000000                 EXPORT           LCD_OutFix
   16 00000000                 PRESERVE8
   17 00000000                 AREA             |.text|, CODE, READONLY, ALIGN=
2
   18 00000000                 THUMB
   19 00000000         
   20 00000000         
   21 00000000         
   22 00000000         ;-----------------------LCD_OutDec----------------------
                       -
   23 00000000         ; Output a 32-bit number in unsigned decimal format
   24 00000000         ; Input: R0 (call by value) 32-bit unsigned number
   25 00000000         ; Output: none
   26 00000000         ; Invariables: This function must not permanently modify
                        registers R4 to R11
   27 00000000         LCD_OutDec
   28 00000000 F04F 030A       MOV              R3, #10
   29 00000004 FBB0 F1F3       UDIV             R1, R0, R3  ;find remaining dig
                                                            its to print
   30 00000008         
   31 00000008 FB01 F203       MUL              R2, R1, R3  ;find calculate dig
                                                            it to print (put in
                                                             R0)
   32 0000000C EBA0 0002       SUB              R0, R0, R2
   33 00000010         
   34 00000010 B501            PUSH             {R0, LR}
   35 00000012 0008            MOVS             R0, R1
   36 00000014 D001            BEQ              af
   37 00000016 F7FF FFFE       BL               LCD_OutDec
   38 0000001A E8BD 4001 
                       af      POP              {R0, LR}
   39 0000001E         
   40 0000001E F100 0030       ADD              R0, R0, #0x30
   41 00000022 B501            PUSH             {R0, LR}
   42 00000024 F7FF FFFE       BL               SSD1306_OutChar
   43 00000028 E8BD 4001       POP              {R0, LR}
   44 0000002C         
   45 0000002C 4770            BX               LR
   46 0000002E         ;* * * * * * * * End of LCD_OutDec * * * * * * * *
   47 0000002E         
   48 0000002E         ; -----------------------LCD _OutFix--------------------
                       --
   49 0000002E         ; Output characters to LCD display in fixed-point format



ARM Macro Assembler    Page 2 


                       
   50 0000002E         ; unsigned decimal, resolution 0.01, range 0.00 to 9.99
   51 0000002E         ; Inputs:  R0 is an unsigned 32-bit number
   52 0000002E         ; Outputs: none
   53 0000002E         ; E.g., R0=0,    then output "0.00 "
   54 0000002E         ;       R0=3,    then output "0.03 "
   55 0000002E         ;       R0=89,   then output "0.89 "
   56 0000002E         ;       R0=123,  then output "1.23 "
   57 0000002E         ;       R0=999,  then output "9.99 "
   58 0000002E         ;       R0>999,  then output "*.** "
   59 0000002E         ; Invariables: This function must not permanently modify
                        registers R4 to R11
   60 0000002E         LCD_OutFix
   61 0000002E 00000000 
                       dec0    EQU              0
   62 0000002E 00000004 
                       int     EQU              4
   63 0000002E 00000008 
                       dec1    EQU              8
   64 0000002E 0000000C 
                       Link    EQU              12
   65 0000002E B004            ADD              SP, SP, #16
   66 00000030 46EB            MOV              R11, SP
   67 00000032 F8CB E00C       STR              LR, [R11,#Link]
   68 00000036         
   69 00000036 F240 31E7       LDR              R1, =999
   70 0000003A 4288            CMP              R0, R1
   71 0000003C D826            BHI              overflow
   72 0000003E         
   73 0000003E F04F 010A       MOV              R1, #10
   74 00000042 B403            PUSH             {R0, R1}
   75 00000044 F000 F836       BL               MOD
   76 00000048 F8CB 0000       STR              R0, [R11, #dec0]
   77 0000004C BC03            POP              {R0, R1}
   78 0000004E B403            PUSH             {R0, R1}
   79 00000050 FBB0 F0F1       UDIV             R0, R0, R1
   80 00000054 F000 F82E       BL               MOD
   81 00000058 F8CB 0008       STR              R0, [R11, #dec1]
   82 0000005C BC03            POP              {R0, R1}
   83 0000005E F04F 0164       MOV              R1, #100
   84 00000062 FBB0 F0F1       UDIV             R0, R0, R1
   85 00000066 F8CB 0004       STR              R0, [R11, #int]
   86 0000006A         
   87 0000006A F8DB 0004       LDR              R0, [R11, #int]
   88 0000006E F7FF FFFE       BL               LCD_OutDec
   89 00000072 F04F 002E       MOV              R0, #'.'
   90 00000076 F7FF FFFE       BL               SSD1306_OutChar
   91 0000007A F8DB 0008       LDR              R0, [R11, #dec1]
   92 0000007E F7FF FFFE       BL               LCD_OutDec
   93 00000082 F8DB 0000       LDR              R0, [R11, #dec0]
   94 00000086 F7FF FFFE       BL               LCD_OutDec
   95 0000008A         
   96 0000008A E00F            B                done
   97 0000008C         overflow
   98 0000008C F04F 002A       MOV              R0, #'*'
   99 00000090 F7FF FFFE       BL               SSD1306_OutChar
  100 00000094 F04F 002E       MOV              R0, #'.'
  101 00000098 F7FF FFFE       BL               SSD1306_OutChar
  102 0000009C F04F 002A       MOV              R0, #'*'



ARM Macro Assembler    Page 3 


  103 000000A0 F7FF FFFE       BL               SSD1306_OutChar
  104 000000A4 F04F 002A       MOV              R0, #'*'
  105 000000A8 F7FF FFFE       BL               SSD1306_OutChar
  106 000000AC         
  107 000000AC F8DB E00C 
                       done    LDR              LR, [R11, #Link]
  108 000000B0 B084            SUB              SP, SP, #16
  109 000000B2         
  110 000000B2 4770            BX               LR
  111 000000B4         
  112 000000B4         MOD
  113 000000B4 FBB0 F2F1       UDIV             R2, R0, R1
  114 000000B8 FB02 F201       MUL              R2, R2, R1
  115 000000BC EBA0 0002       SUB              R0, R0, R2
  116 000000C0 4770            BX               LR
  117 000000C2         
  118 000000C2 00 00           ALIGN
  119 000000C4         ;* * * * * * * * End of LCD_OutFix * * * * * * * *
  120 000000C4         
  121 000000C4                 ALIGN                        ; make sure the end
                                                             of this section is
                                                             aligned
  122 000000C4                 END                          ; end of file
Command Line: --debug --xref --diag_suppress=9931 --cpu=Cortex-M4 --apcs=interw
ork --depend=.\print.d -o.\print.o -I.\RTE\_Lab10 -IC:\Users\titob\AppData\Loca
l\Arm\Packs\ARM\CMSIS\5.7.0\CMSIS\Core\Include -IC:\Users\titob\AppData\Local\A
rm\Packs\Keil\TM4C_DFP\1.1.0\Device\Include\TM4C123 --predefine="__UVISION_VERS
ION SETA 533" --predefine="_RTE_ SETA 1" --predefine="TM4C123GH6PM SETA 1" --pr
edefine="_RTE_ SETA 1" --list=.\print.lst Print.s



ARM Macro Assembler    Page 1 Alphabetic symbol ordering
Relocatable symbols

.text 00000000

Symbol: .text
   Definitions
      At line 17 in file Print.s
   Uses
      None
Comment: .text unused
LCD_OutDec 00000000

Symbol: LCD_OutDec
   Definitions
      At line 27 in file Print.s
   Uses
      At line 14 in file Print.s
      At line 37 in file Print.s
      At line 88 in file Print.s
      At line 92 in file Print.s
      At line 94 in file Print.s

LCD_OutFix 0000002E

Symbol: LCD_OutFix
   Definitions
      At line 60 in file Print.s
   Uses
      At line 15 in file Print.s
Comment: LCD_OutFix used once
MOD 000000B4

Symbol: MOD
   Definitions
      At line 112 in file Print.s
   Uses
      At line 75 in file Print.s
      At line 80 in file Print.s

af 0000001A

Symbol: af
   Definitions
      At line 38 in file Print.s
   Uses
      At line 36 in file Print.s
Comment: af used once
done 000000AC

Symbol: done
   Definitions
      At line 107 in file Print.s
   Uses
      At line 96 in file Print.s
Comment: done used once
overflow 0000008C

Symbol: overflow
   Definitions
      At line 97 in file Print.s
   Uses



ARM Macro Assembler    Page 2 Alphabetic symbol ordering
Relocatable symbols

      At line 71 in file Print.s
Comment: overflow used once
7 symbols



ARM Macro Assembler    Page 1 Alphabetic symbol ordering
Absolute symbols

Link 0000000C

Symbol: Link
   Definitions
      At line 64 in file Print.s
   Uses
      At line 67 in file Print.s
      At line 107 in file Print.s

dec0 00000000

Symbol: dec0
   Definitions
      At line 61 in file Print.s
   Uses
      At line 76 in file Print.s
      At line 93 in file Print.s

dec1 00000008

Symbol: dec1
   Definitions
      At line 63 in file Print.s
   Uses
      At line 81 in file Print.s
      At line 91 in file Print.s

int 00000004

Symbol: int
   Definitions
      At line 62 in file Print.s
   Uses
      At line 85 in file Print.s
      At line 87 in file Print.s

4 symbols



ARM Macro Assembler    Page 1 Alphabetic symbol ordering
External symbols

SSD1306_OutChar 00000000

Symbol: SSD1306_OutChar
   Definitions
      At line 12 in file Print.s
   Uses
      At line 42 in file Print.s
      At line 90 in file Print.s
      At line 99 in file Print.s
      At line 101 in file Print.s
      At line 103 in file Print.s
      At line 105 in file Print.s

SSD1306_OutString 00000000

Symbol: SSD1306_OutString
   Definitions
      At line 13 in file Print.s
   Uses
      None
Comment: SSD1306_OutString unused
2 symbols
346 symbols in table
